<?xml version="1.0" encoding="UTF-8"?>
<testsuite xmlns:xsi="http://www.w3.org/2001/XMLSchema-instance" xsi:noNamespaceSchemaLocation="https://maven.apache.org/surefire/maven-surefire-plugin/xsd/surefire-test-report.xsd" name="example.Calculator_ESTest" time="0.597" tests="6" errors="0" skipped="0" failures="0">
  <properties>
[...]
</properties>
  <testcase name="test1" classname="example.Calculator_ESTest" time="0.01"/>
  <testcase name="test0" classname="example.Calculator_ESTest" time="0.001"/>
  <testcase name="test3" classname="example.Calculator_ESTest" time="0.003"/>
  <testcase name="test2" classname="example.Calculator_ESTest" time="0.004"/>
  <testcase name="test5" classname="example.Calculator_ESTest" time="0.002"/>
  <testcase name="test4" classname="example.Calculator_ESTest" time="0.002"/>
</testsuite>